CRITICAL - 2022-03-27 03:36:11 --> App\Controllers\Login::__construct(): Failed opening required '/var/www/html/vote4/app/libraries/vendor/autoload.php' (include_path='.:/usr/share/pear:/usr/share/php')
#0 [internal function]: CodeIgniter\Debug\Exceptions->shutdownHandler()
#1 {main}
CRITICAL - 2022-03-27 03:36:45 --> App\Controllers\Login::__construct(): Failed opening required '/var/www/html/vote4/app/libraries/vendor/autoload.php' (include_path='.:/usr/share/pear:/usr/share/php')
#0 [internal function]: CodeIgniter\Debug\Exceptions->shutdownHandler()
#1 {main}
CRITICAL - 2022-03-27 03:36:46 --> App\Controllers\Login::__construct(): Failed opening required '/var/www/html/vote4/app/libraries/vendor/autoload.php' (include_path='.:/usr/share/pear:/usr/share/php')
#0 [internal function]: CodeIgniter\Debug\Exceptions->shutdownHandler()
#1 {main}
CRITICAL - 2022-03-27 03:36:46 --> App\Controllers\Login::__construct(): Failed opening required '/var/www/html/vote4/app/libraries/vendor/autoload.php' (include_path='.:/usr/share/pear:/usr/share/php')
#0 [internal function]: CodeIgniter\Debug\Exceptions->shutdownHandler()
#1 {main}
CRITICAL - 2022-03-27 03:37:52 --> App\Controllers\Login::__construct(): Failed opening required '/var/www/html/vote4/app/libraries/vendor/autoload.php' (include_path='.:/usr/share/pear:/usr/share/php')
#0 [internal function]: CodeIgniter\Debug\Exceptions->shutdownHandler()
#1 {main}
CRITICAL - 2022-03-27 03:37:53 --> App\Controllers\Login::__construct(): Failed opening required '/var/www/html/vote4/app/libraries/vendor/autoload.php' (include_path='.:/usr/share/pear:/usr/share/php')
#0 [internal function]: CodeIgniter\Debug\Exceptions->shutdownHandler()
#1 {main}
CRITICAL - 2022-03-27 03:39:41 --> Undefined variable: google_button
#0 /var/www/html/vote4/app/Views/v_login.php(132): CodeIgniter\Debug\Exceptions->errorHandler()
#1 /var/www/html/vote4/system/View/View.php(210): include('/var/www/html/v...')
#2 /var/www/html/vote4/system/View/View.php(213): CodeIgniter\View\View->CodeIgniter\View\{closure}()
#3 /var/www/html/vote4/system/Common.php(1089): CodeIgniter\View\View->render()
#4 /var/www/html/vote4/app/Controllers/Login.php(26): view()
#5 /var/www/html/vote4/system/CodeIgniter.php(832): App\Controllers\Login->index()
#6 /var/www/html/vote4/system/CodeIgniter.php(419): CodeIgniter\CodeIgniter->runController()
#7 /var/www/html/vote4/system/CodeIgniter.php(326): CodeIgniter\CodeIgniter->handleRequest()
#8 /var/www/html/vote4/public/index.php(37): CodeIgniter\CodeIgniter->run()
#9 {main}
ERROR - 2022-03-27 03:44:46 --> Error connecting to the database: Access denied for user ''@'localhost' (using password: NO)
CRITICAL - 2022-03-27 03:44:46 --> Unable to connect to the database.
Main connection [MySQLi]: Access denied for user ''@'localhost' (using password: NO)
#0 /var/www/html/vote4/system/Database/BaseConnection.php(577): CodeIgniter\Database\BaseConnection->initialize()
#1 /var/www/html/vote4/app/Models/M_vot_user.php(11): CodeIgniter\Database\BaseConnection->query()
#2 /var/www/html/vote4/app/Controllers/Login.php(33): App\Models\M_vot_user->get_by_usr_name()
#3 /var/www/html/vote4/system/CodeIgniter.php(832): App\Controllers\Login->login()
#4 /var/www/html/vote4/system/CodeIgniter.php(419): CodeIgniter\CodeIgniter->runController()
#5 /var/www/html/vote4/system/CodeIgniter.php(326): CodeIgniter\CodeIgniter->handleRequest()
#6 /var/www/html/vote4/public/index.php(37): CodeIgniter\CodeIgniter->run()
#7 {main}
CRITICAL - 2022-03-27 03:49:14 --> Trying to get property 'usr_password' of non-object
#0 /var/www/html/vote4/app/Controllers/Login.php(35): CodeIgniter\Debug\Exceptions->errorHandler()
#1 /var/www/html/vote4/system/CodeIgniter.php(832): App\Controllers\Login->login()
#2 /var/www/html/vote4/system/CodeIgniter.php(419): CodeIgniter\CodeIgniter->runController()
#3 /var/www/html/vote4/system/CodeIgniter.php(326): CodeIgniter\CodeIgniter->handleRequest()
#4 /var/www/html/vote4/public/index.php(37): CodeIgniter\CodeIgniter->run()
#5 {main}
CRITICAL - 2022-03-27 03:59:13 --> Undefined index: usr_id
#0 /var/www/html/vote4/app/Controllers/Report.php(30): CodeIgniter\Debug\Exceptions->errorHandler()
#1 /var/www/html/vote4/system/CodeIgniter.php(832): App\Controllers\Report->index()
#2 /var/www/html/vote4/system/CodeIgniter.php(419): CodeIgniter\CodeIgniter->runController()
#3 /var/www/html/vote4/system/CodeIgniter.php(326): CodeIgniter\CodeIgniter->handleRequest()
#4 /var/www/html/vote4/public/index.php(37): CodeIgniter\CodeIgniter->run()
#5 {main}
CRITICAL - 2022-03-27 03:59:32 --> Undefined index: usr_id
#0 /var/www/html/vote4/app/Controllers/Report.php(30): CodeIgniter\Debug\Exceptions->errorHandler()
#1 /var/www/html/vote4/system/CodeIgniter.php(832): App\Controllers\Report->index()
#2 /var/www/html/vote4/system/CodeIgniter.php(419): CodeIgniter\CodeIgniter->runController()
#3 /var/www/html/vote4/system/CodeIgniter.php(326): CodeIgniter\CodeIgniter->handleRequest()
#4 /var/www/html/vote4/public/index.php(37): CodeIgniter\CodeIgniter->run()
#5 {main}
CRITICAL - 2022-03-27 04:00:31 --> Undefined index: usr_id
#0 /var/www/html/vote4/app/Controllers/Report.php(27): CodeIgniter\Debug\Exceptions->errorHandler()
#1 /var/www/html/vote4/system/CodeIgniter.php(832): App\Controllers\Report->index()
#2 /var/www/html/vote4/system/CodeIgniter.php(419): CodeIgniter\CodeIgniter->runController()
#3 /var/www/html/vote4/system/CodeIgniter.php(326): CodeIgniter\CodeIgniter->handleRequest()
#4 /var/www/html/vote4/public/index.php(37): CodeIgniter\CodeIgniter->run()
#5 {main}
CRITICAL - 2022-03-27 04:15:38 --> Class 'Pusher\Pusher' not found
#0 /var/www/html/vote4/app/Controllers/Report.php(58): App\Controllers\Report->pusher_trigger1()
#1 /var/www/html/vote4/system/CodeIgniter.php(832): App\Controllers\Report->vote()
#2 /var/www/html/vote4/system/CodeIgniter.php(419): CodeIgniter\CodeIgniter->runController()
#3 /var/www/html/vote4/system/CodeIgniter.php(326): CodeIgniter\CodeIgniter->handleRequest()
#4 /var/www/html/vote4/public/index.php(37): CodeIgniter\CodeIgniter->run()
#5 {main}
CRITICAL - 2022-03-27 04:40:01 --> Class 'Pusher\Pusher' not found
#0 /var/www/html/vote4/app/Controllers/Report.php(61): App\Controllers\Report->pusher_trigger2()
#1 /var/www/html/vote4/system/CodeIgniter.php(832): App\Controllers\Report->vote()
#2 /var/www/html/vote4/system/CodeIgniter.php(419): CodeIgniter\CodeIgniter->runController()
#3 /var/www/html/vote4/system/CodeIgniter.php(326): CodeIgniter\CodeIgniter->handleRequest()
#4 /var/www/html/vote4/public/index.php(37): CodeIgniter\CodeIgniter->run()
#5 {main}
CRITICAL - 2022-03-27 04:41:14 --> Class 'Pusher\Pusher' not found
#0 /var/www/html/vote4/app/Controllers/Report.php(61): App\Controllers\Report->pusher_trigger2()
#1 /var/www/html/vote4/system/CodeIgniter.php(832): App\Controllers\Report->vote()
#2 /var/www/html/vote4/system/CodeIgniter.php(419): CodeIgniter\CodeIgniter->runController()
#3 /var/www/html/vote4/system/CodeIgniter.php(326): CodeIgniter\CodeIgniter->handleRequest()
#4 /var/www/html/vote4/public/index.php(37): CodeIgniter\CodeIgniter->run()
#5 {main}
CRITICAL - 2022-03-27 04:41:27 --> Class 'Pusher\Pusher' not found
#0 /var/www/html/vote4/app/Controllers/Report.php(61): App\Controllers\Report->pusher_trigger2()
#1 /var/www/html/vote4/system/CodeIgniter.php(832): App\Controllers\Report->vote()
#2 /var/www/html/vote4/system/CodeIgniter.php(419): CodeIgniter\CodeIgniter->runController()
#3 /var/www/html/vote4/system/CodeIgniter.php(326): CodeIgniter\CodeIgniter->handleRequest()
#4 /var/www/html/vote4/public/index.php(37): CodeIgniter\CodeIgniter->run()
#5 {main}
CRITICAL - 2022-03-27 04:52:13 --> Class 'Pusher\Pusher' not found
#0 /var/www/html/vote4/app/Controllers/Report.php(61): App\Controllers\Report->pusher_trigger2()
#1 /var/www/html/vote4/system/CodeIgniter.php(832): App\Controllers\Report->vote()
#2 /var/www/html/vote4/system/CodeIgniter.php(419): CodeIgniter\CodeIgniter->runController()
#3 /var/www/html/vote4/system/CodeIgniter.php(326): CodeIgniter\CodeIgniter->handleRequest()
#4 /var/www/html/vote4/public/index.php(37): CodeIgniter\CodeIgniter->run()
#5 {main}
CRITICAL - 2022-03-27 04:54:37 --> syntax error, unexpected '.', expecting identifier (T_STRING) or function (T_FUNCTION) or const (T_CONST) or \\ (T_NS_SEPARATOR)
#0 /var/www/html/vote4/system/Autoloader/Autoloader.php(241): CodeIgniter\Autoloader\Autoloader->includeFile()
#1 /var/www/html/vote4/system/Autoloader/Autoloader.php(219): CodeIgniter\Autoloader\Autoloader->loadInNamespace()
#2 [internal function]: CodeIgniter\Autoloader\Autoloader->loadClass()
#3 [internal function]: spl_autoload_call()
#4 /var/www/html/vote4/system/CodeIgniter.php(797): class_exists()
#5 /var/www/html/vote4/system/CodeIgniter.php(406): CodeIgniter\CodeIgniter->startController()
#6 /var/www/html/vote4/system/CodeIgniter.php(326): CodeIgniter\CodeIgniter->handleRequest()
#7 /var/www/html/vote4/public/index.php(37): CodeIgniter\CodeIgniter->run()
#8 {main}
CRITICAL - 2022-03-27 05:13:29 --> Class 'App\Libraries\Pusher\Pusher' not found
#0 /var/www/html/vote4/app/Controllers/Report.php(68): App\Controllers\Report->pusher_trigger2()
#1 /var/www/html/vote4/system/CodeIgniter.php(832): App\Controllers\Report->vote()
#2 /var/www/html/vote4/system/CodeIgniter.php(419): CodeIgniter\CodeIgniter->runController()
#3 /var/www/html/vote4/system/CodeIgniter.php(326): CodeIgniter\CodeIgniter->handleRequest()
#4 /var/www/html/vote4/public/index.php(37): CodeIgniter\CodeIgniter->run()
#5 {main}
CRITICAL - 2022-03-27 05:13:43 --> Class 'App\Libraries\Pusher' not found
#0 /var/www/html/vote4/app/Controllers/Report.php(66): App\Controllers\Report->pusher_trigger1()
#1 /var/www/html/vote4/system/CodeIgniter.php(832): App\Controllers\Report->vote()
#2 /var/www/html/vote4/system/CodeIgniter.php(419): CodeIgniter\CodeIgniter->runController()
#3 /var/www/html/vote4/system/CodeIgniter.php(326): CodeIgniter\CodeIgniter->handleRequest()
#4 /var/www/html/vote4/public/index.php(37): CodeIgniter\CodeIgniter->run()
#5 {main}
CRITICAL - 2022-03-27 05:14:38 --> Interface 'Pusher\PusherInterface' not found
#0 /var/www/html/vote4/system/Autoloader/Autoloader.php(264): include_once()
#1 /var/www/html/vote4/system/Autoloader/Autoloader.php(241): CodeIgniter\Autoloader\Autoloader->includeFile()
#2 /var/www/html/vote4/system/Autoloader/Autoloader.php(219): CodeIgniter\Autoloader\Autoloader->loadInNamespace()
#3 [internal function]: CodeIgniter\Autoloader\Autoloader->loadClass()
#4 /var/www/html/vote4/app/Controllers/Report.php(112): spl_autoload_call()
#5 /var/www/html/vote4/app/Controllers/Report.php(66): App\Controllers\Report->pusher_trigger1()
#6 /var/www/html/vote4/system/CodeIgniter.php(832): App\Controllers\Report->vote()
#7 /var/www/html/vote4/system/CodeIgniter.php(419): CodeIgniter\CodeIgniter->runController()
#8 /var/www/html/vote4/system/CodeIgniter.php(326): CodeIgniter\CodeIgniter->handleRequest()
#9 /var/www/html/vote4/public/index.php(37): CodeIgniter\CodeIgniter->run()
#10 {main}
CRITICAL - 2022-03-27 05:17:45 --> syntax error, unexpected '.', expecting identifier (T_STRING) or namespace (T_NAMESPACE) or \\ (T_NS_SEPARATOR)
#0 /var/www/html/vote4/system/Autoloader/Autoloader.php(241): CodeIgniter\Autoloader\Autoloader->includeFile()
#1 /var/www/html/vote4/system/Autoloader/Autoloader.php(219): CodeIgniter\Autoloader\Autoloader->loadInNamespace()
#2 [internal function]: CodeIgniter\Autoloader\Autoloader->loadClass()
#3 /var/www/html/vote4/app/Controllers/Report.php(112): spl_autoload_call()
#4 /var/www/html/vote4/app/Controllers/Report.php(66): App\Controllers\Report->pusher_trigger1()
#5 /var/www/html/vote4/system/CodeIgniter.php(832): App\Controllers\Report->vote()
#6 /var/www/html/vote4/system/CodeIgniter.php(419): CodeIgniter\CodeIgniter->runController()
#7 /var/www/html/vote4/system/CodeIgniter.php(326): CodeIgniter\CodeIgniter->handleRequest()
#8 /var/www/html/vote4/public/index.php(37): CodeIgniter\CodeIgniter->run()
#9 {main}
CRITICAL - 2022-03-27 05:19:02 --> syntax error, unexpected '.', expecting identifier (T_STRING) or namespace (T_NAMESPACE) or \\ (T_NS_SEPARATOR)
#0 /var/www/html/vote4/system/Autoloader/Autoloader.php(241): CodeIgniter\Autoloader\Autoloader->includeFile()
#1 /var/www/html/vote4/system/Autoloader/Autoloader.php(219): CodeIgniter\Autoloader\Autoloader->loadInNamespace()
#2 [internal function]: CodeIgniter\Autoloader\Autoloader->loadClass()
#3 /var/www/html/vote4/app/Controllers/Report.php(123): spl_autoload_call()
#4 /var/www/html/vote4/app/Controllers/Report.php(68): App\Controllers\Report->pusher_trigger2()
#5 /var/www/html/vote4/system/CodeIgniter.php(832): App\Controllers\Report->vote()
#6 /var/www/html/vote4/system/CodeIgniter.php(419): CodeIgniter\CodeIgniter->runController()
#7 /var/www/html/vote4/system/CodeIgniter.php(326): CodeIgniter\CodeIgniter->handleRequest()
#8 /var/www/html/vote4/public/index.php(37): CodeIgniter\CodeIgniter->run()
#9 {main}
CRITICAL - 2022-03-27 05:19:12 --> Class 'App\Libraries\Pusher' not found
#0 /var/www/html/vote4/app/Controllers/Report.php(66): App\Controllers\Report->pusher_trigger1()
#1 /var/www/html/vote4/system/CodeIgniter.php(832): App\Controllers\Report->vote()
#2 /var/www/html/vote4/system/CodeIgniter.php(419): CodeIgniter\CodeIgniter->runController()
#3 /var/www/html/vote4/system/CodeIgniter.php(326): CodeIgniter\CodeIgniter->handleRequest()
#4 /var/www/html/vote4/public/index.php(37): CodeIgniter\CodeIgniter->run()
#5 {main}
CRITICAL - 2022-03-27 05:19:52 --> Class 'App\Libraries\Pusher' not found
#0 /var/www/html/vote4/app/Controllers/Report.php(66): App\Controllers\Report->pusher_trigger1()
#1 /var/www/html/vote4/system/CodeIgniter.php(832): App\Controllers\Report->vote()
#2 /var/www/html/vote4/system/CodeIgniter.php(419): CodeIgniter\CodeIgniter->runController()
#3 /var/www/html/vote4/system/CodeIgniter.php(326): CodeIgniter\CodeIgniter->handleRequest()
#4 /var/www/html/vote4/public/index.php(37): CodeIgniter\CodeIgniter->run()
#5 {main}
CRITICAL - 2022-03-27 05:19:55 --> Class 'App\Libraries\Pusher' not found
#0 /var/www/html/vote4/app/Controllers/Report.php(68): App\Controllers\Report->pusher_trigger2()
#1 /var/www/html/vote4/system/CodeIgniter.php(832): App\Controllers\Report->vote()
#2 /var/www/html/vote4/system/CodeIgniter.php(419): CodeIgniter\CodeIgniter->runController()
#3 /var/www/html/vote4/system/CodeIgniter.php(326): CodeIgniter\CodeIgniter->handleRequest()
#4 /var/www/html/vote4/public/index.php(37): CodeIgniter\CodeIgniter->run()
#5 {main}
CRITICAL - 2022-03-27 05:21:32 --> CodeIgniter\Router\Router::main(): Failed opening required '..\Pusher.php' (include_path='.:/usr/share/pear:/usr/share/php')
#0 [internal function]: CodeIgniter\Debug\Exceptions->shutdownHandler()
#1 {main}
CRITICAL - 2022-03-27 05:21:42 --> CodeIgniter\Router\Router::main(): Failed opening required '..\Pusher.php' (include_path='.:/usr/share/pear:/usr/share/php')
#0 [internal function]: CodeIgniter\Debug\Exceptions->shutdownHandler()
#1 {main}
CRITICAL - 2022-03-27 05:22:09 --> CodeIgniter\Router\Router::main(): Failed opening required '..\..\Libraries\Pusher.php' (include_path='.:/usr/share/pear:/usr/share/php')
#0 [internal function]: CodeIgniter\Debug\Exceptions->shutdownHandler()
#1 {main}
CRITICAL - 2022-03-27 05:22:20 --> CodeIgniter\Router\Router::main(): Failed opening required '..\Libraries\Pusher.php' (include_path='.:/usr/share/pear:/usr/share/php')
#0 [internal function]: CodeIgniter\Debug\Exceptions->shutdownHandler()
#1 {main}
CRITICAL - 2022-03-27 05:22:54 --> CodeIgniter\Router\Router::main(): Failed opening required '/var/www/html/vote4/app/Controllers../Libraies/Pusher.php' (include_path='.:/usr/share/pear:/usr/share/php')
#0 [internal function]: CodeIgniter\Debug\Exceptions->shutdownHandler()
#1 {main}
CRITICAL - 2022-03-27 05:23:07 --> CodeIgniter\Router\Router::main(): Failed opening required '/var/www/html/vote4/app/Controllers../Libraies/Pusher.php' (include_path='.:/usr/share/pear:/usr/share/php')
#0 [internal function]: CodeIgniter\Debug\Exceptions->shutdownHandler()
#1 {main}
CRITICAL - 2022-03-27 05:23:12 --> CodeIgniter\Router\Router::main(): Failed opening required '/var/www/html/vote4/app/Controllers../Libraies/Pusher.php' (include_path='.:/usr/share/pear:/usr/share/php')
#0 [internal function]: CodeIgniter\Debug\Exceptions->shutdownHandler()
#1 {main}
CRITICAL - 2022-03-27 05:23:22 --> CodeIgniter\Router\Router::main(): Failed opening required '/var/www/html/vote4/app/Controllers../Libraies/Pusher.php' (include_path='.:/usr/share/pear:/usr/share/php')
#0 [internal function]: CodeIgniter\Debug\Exceptions->shutdownHandler()
#1 {main}
CRITICAL - 2022-03-27 05:23:56 --> CodeIgniter\Router\Router::main(): Failed opening required '/var/www/html/vote4/app/Controllers/../Libraies/Pusher.php' (include_path='.:/usr/share/pear:/usr/share/php')
#0 [internal function]: CodeIgniter\Debug\Exceptions->shutdownHandler()
#1 {main}
CRITICAL - 2022-03-27 05:24:16 --> CodeIgniter\Router\Router::main(): Failed opening required '/var/www/html/vote4/app/Controllers/../Libraies/Pusher.php' (include_path='.:/usr/share/pear:/usr/share/php')
#0 [internal function]: CodeIgniter\Debug\Exceptions->shutdownHandler()
#1 {main}
CRITICAL - 2022-03-27 05:25:41 --> CodeIgniter\Autoloader\Autoloader::main(): Failed opening required '/var/www/html/vote4/app/Controllers/../Libraies/Pusher.php' (include_path='.:/usr/share/pear:/usr/share/php')
#0 [internal function]: CodeIgniter\Debug\Exceptions->shutdownHandler()
#1 {main}
CRITICAL - 2022-03-27 05:25:41 --> CodeIgniter\Autoloader\Autoloader::main(): Failed opening required '/var/www/html/vote4/app/Controllers/../Libraies/Pusher.php' (include_path='.:/usr/share/pear:/usr/share/php')
#0 [internal function]: CodeIgniter\Debug\Exceptions->shutdownHandler()
#1 {main}
CRITICAL - 2022-03-27 05:25:42 --> CodeIgniter\Autoloader\Autoloader::main(): Failed opening required '/var/www/html/vote4/app/Controllers/../Libraies/Pusher.php' (include_path='.:/usr/share/pear:/usr/share/php')
#0 [internal function]: CodeIgniter\Debug\Exceptions->shutdownHandler()
#1 {main}
CRITICAL - 2022-03-27 05:27:50 --> CodeIgniter\Router\Router::main(): Failed opening required '/var/www/html/vote4/app/Controllers/../Libraies/Pusher.php' (include_path='.:/usr/share/pear:/usr/share/php')
#0 [internal function]: CodeIgniter\Debug\Exceptions->shutdownHandler()
#1 {main}
CRITICAL - 2022-03-27 05:27:57 --> CodeIgniter\Router\Router::main(): Failed opening required '/var/www/html/vote4/app/Controllers/../Libraies/Pusher.php' (include_path='.:/usr/share/pear:/usr/share/php')
#0 [internal function]: CodeIgniter\Debug\Exceptions->shutdownHandler()
#1 {main}
CRITICAL - 2022-03-27 05:28:02 --> Class 'App\Libraries\Vot_controller' not found
#0 /var/www/html/vote4/system/Router/Router.php(518): include_once()
#1 /var/www/html/vote4/system/Router/Router.php(175): CodeIgniter\Router\Router->autoRoute()
#2 /var/www/html/vote4/system/CodeIgniter.php(726): CodeIgniter\Router\Router->handle()
#3 /var/www/html/vote4/system/CodeIgniter.php(368): CodeIgniter\CodeIgniter->tryToRouteIt()
#4 /var/www/html/vote4/system/CodeIgniter.php(326): CodeIgniter\CodeIgniter->handleRequest()
#5 /var/www/html/vote4/public/index.php(37): CodeIgniter\CodeIgniter->run()
#6 {main}
CRITICAL - 2022-03-27 05:28:19 --> Class 'App\Libraries\Vot_controller' not found
#0 /var/www/html/vote4/system/Router/Router.php(518): include_once()
#1 /var/www/html/vote4/system/Router/Router.php(175): CodeIgniter\Router\Router->autoRoute()
#2 /var/www/html/vote4/system/CodeIgniter.php(726): CodeIgniter\Router\Router->handle()
#3 /var/www/html/vote4/system/CodeIgniter.php(368): CodeIgniter\CodeIgniter->tryToRouteIt()
#4 /var/www/html/vote4/system/CodeIgniter.php(326): CodeIgniter\CodeIgniter->handleRequest()
#5 /var/www/html/vote4/public/index.php(37): CodeIgniter\CodeIgniter->run()
#6 {main}
CRITICAL - 2022-03-27 05:28:21 --> Class 'App\Libraries\Vot_controller' not found
#0 /var/www/html/vote4/system/Router/Router.php(518): include_once()
#1 /var/www/html/vote4/system/Router/Router.php(175): CodeIgniter\Router\Router->autoRoute()
#2 /var/www/html/vote4/system/CodeIgniter.php(726): CodeIgniter\Router\Router->handle()
#3 /var/www/html/vote4/system/CodeIgniter.php(368): CodeIgniter\CodeIgniter->tryToRouteIt()
#4 /var/www/html/vote4/system/CodeIgniter.php(326): CodeIgniter\CodeIgniter->handleRequest()
#5 /var/www/html/vote4/public/index.php(37): CodeIgniter\CodeIgniter->run()
#6 {main}
CRITICAL - 2022-03-27 05:28:26 --> Class 'App\Libraries\Vot_controller' not found
#0 /var/www/html/vote4/system/Autoloader/Autoloader.php(264): include_once()
#1 /var/www/html/vote4/system/Autoloader/Autoloader.php(241): CodeIgniter\Autoloader\Autoloader->includeFile()
#2 /var/www/html/vote4/system/Autoloader/Autoloader.php(219): CodeIgniter\Autoloader\Autoloader->loadInNamespace()
#3 [internal function]: CodeIgniter\Autoloader\Autoloader->loadClass()
#4 [internal function]: spl_autoload_call()
#5 /var/www/html/vote4/system/CodeIgniter.php(797): class_exists()
#6 /var/www/html/vote4/system/CodeIgniter.php(406): CodeIgniter\CodeIgniter->startController()
#7 /var/www/html/vote4/system/CodeIgniter.php(326): CodeIgniter\CodeIgniter->handleRequest()
#8 /var/www/html/vote4/public/index.php(37): CodeIgniter\CodeIgniter->run()
#9 {main}
CRITICAL - 2022-03-27 05:28:28 --> Class 'App\Libraries\Vot_controller' not found
#0 /var/www/html/vote4/system/Router/Router.php(518): include_once()
#1 /var/www/html/vote4/system/Router/Router.php(175): CodeIgniter\Router\Router->autoRoute()
#2 /var/www/html/vote4/system/CodeIgniter.php(726): CodeIgniter\Router\Router->handle()
#3 /var/www/html/vote4/system/CodeIgniter.php(368): CodeIgniter\CodeIgniter->tryToRouteIt()
#4 /var/www/html/vote4/system/CodeIgniter.php(326): CodeIgniter\CodeIgniter->handleRequest()
#5 /var/www/html/vote4/public/index.php(37): CodeIgniter\CodeIgniter->run()
#6 {main}
CRITICAL - 2022-03-27 05:28:29 --> Class 'App\Libraries\Vot_controller' not found
#0 /var/www/html/vote4/system/Autoloader/Autoloader.php(264): include_once()
#1 /var/www/html/vote4/system/Autoloader/Autoloader.php(241): CodeIgniter\Autoloader\Autoloader->includeFile()
#2 /var/www/html/vote4/system/Autoloader/Autoloader.php(219): CodeIgniter\Autoloader\Autoloader->loadInNamespace()
#3 [internal function]: CodeIgniter\Autoloader\Autoloader->loadClass()
#4 [internal function]: spl_autoload_call()
#5 /var/www/html/vote4/system/CodeIgniter.php(797): class_exists()
#6 /var/www/html/vote4/system/CodeIgniter.php(406): CodeIgniter\CodeIgniter->startController()
#7 /var/www/html/vote4/system/CodeIgniter.php(326): CodeIgniter\CodeIgniter->handleRequest()
#8 /var/www/html/vote4/public/index.php(37): CodeIgniter\CodeIgniter->run()
#9 {main}
CRITICAL - 2022-03-27 05:28:39 --> Class 'App\Libraries\Vot_controller' not found
#0 /var/www/html/vote4/system/Autoloader/Autoloader.php(264): include_once()
#1 /var/www/html/vote4/system/Autoloader/Autoloader.php(241): CodeIgniter\Autoloader\Autoloader->includeFile()
#2 /var/www/html/vote4/system/Autoloader/Autoloader.php(219): CodeIgniter\Autoloader\Autoloader->loadInNamespace()
#3 [internal function]: CodeIgniter\Autoloader\Autoloader->loadClass()
#4 [internal function]: spl_autoload_call()
#5 /var/www/html/vote4/system/CodeIgniter.php(797): class_exists()
#6 /var/www/html/vote4/system/CodeIgniter.php(406): CodeIgniter\CodeIgniter->startController()
#7 /var/www/html/vote4/system/CodeIgniter.php(326): CodeIgniter\CodeIgniter->handleRequest()
#8 /var/www/html/vote4/public/index.php(37): CodeIgniter\CodeIgniter->run()
#9 {main}
CRITICAL - 2022-03-27 05:28:41 --> Class 'App\Libraries\Vot_controller' not found
#0 /var/www/html/vote4/system/Router/Router.php(518): include_once()
#1 /var/www/html/vote4/system/Router/Router.php(175): CodeIgniter\Router\Router->autoRoute()
#2 /var/www/html/vote4/system/CodeIgniter.php(726): CodeIgniter\Router\Router->handle()
#3 /var/www/html/vote4/system/CodeIgniter.php(368): CodeIgniter\CodeIgniter->tryToRouteIt()
#4 /var/www/html/vote4/system/CodeIgniter.php(326): CodeIgniter\CodeIgniter->handleRequest()
#5 /var/www/html/vote4/public/index.php(37): CodeIgniter\CodeIgniter->run()
#6 {main}
CRITICAL - 2022-03-27 05:28:46 --> Class 'App\Libraries\Pusher' not found
#0 /var/www/html/vote4/app/Controllers/Report.php(66): App\Controllers\Report->pusher_trigger1()
#1 /var/www/html/vote4/system/CodeIgniter.php(832): App\Controllers\Report->vote()
#2 /var/www/html/vote4/system/CodeIgniter.php(419): CodeIgniter\CodeIgniter->runController()
#3 /var/www/html/vote4/system/CodeIgniter.php(326): CodeIgniter\CodeIgniter->handleRequest()
#4 /var/www/html/vote4/public/index.php(37): CodeIgniter\CodeIgniter->run()
#5 {main}
CRITICAL - 2022-03-27 05:30:58 --> Interface 'Pusher\PusherInterface' not found
#0 /var/www/html/vote4/app/Controllers/Report.php(8): require_once()
#1 /var/www/html/vote4/system/Router/Router.php(518): include_once('/var/www/html/v...')
#2 /var/www/html/vote4/system/Router/Router.php(175): CodeIgniter\Router\Router->autoRoute()
#3 /var/www/html/vote4/system/CodeIgniter.php(726): CodeIgniter\Router\Router->handle()
#4 /var/www/html/vote4/system/CodeIgniter.php(368): CodeIgniter\CodeIgniter->tryToRouteIt()
#5 /var/www/html/vote4/system/CodeIgniter.php(326): CodeIgniter\CodeIgniter->handleRequest()
#6 /var/www/html/vote4/public/index.php(37): CodeIgniter\CodeIgniter->run()
#7 {main}
CRITICAL - 2022-03-27 05:31:46 --> Class 'App\Controllers\Pusher' not found
#0 /var/www/html/vote4/app/Controllers/Report.php(67): App\Controllers\Report->pusher_trigger1()
#1 /var/www/html/vote4/system/CodeIgniter.php(832): App\Controllers\Report->vote()
#2 /var/www/html/vote4/system/CodeIgniter.php(419): CodeIgniter\CodeIgniter->runController()
#3 /var/www/html/vote4/system/CodeIgniter.php(326): CodeIgniter\CodeIgniter->handleRequest()
#4 /var/www/html/vote4/public/index.php(37): CodeIgniter\CodeIgniter->run()
#5 {main}
CRITICAL - 2022-03-27 05:35:03 --> Class 'App\Controllers\Pusher' not found
#0 /var/www/html/vote4/app/Controllers/Report.php(69): App\Controllers\Report->pusher_trigger2()
#1 /var/www/html/vote4/system/CodeIgniter.php(832): App\Controllers\Report->vote()
#2 /var/www/html/vote4/system/CodeIgniter.php(419): CodeIgniter\CodeIgniter->runController()
#3 /var/www/html/vote4/system/CodeIgniter.php(326): CodeIgniter\CodeIgniter->handleRequest()
#4 /var/www/html/vote4/public/index.php(37): CodeIgniter\CodeIgniter->run()
#5 {main}
CRITICAL - 2022-03-27 05:35:55 --> Cannot declare class Pusher\Pusher, because the name is already in use
#0 [internal function]: CodeIgniter\Debug\Exceptions->shutdownHandler()
#1 {main}
CRITICAL - 2022-03-27 05:36:17 --> Interface 'Pusher\PusherInterface' not found
#0 /var/www/html/vote4/system/Autoloader/Autoloader.php(264): include_once()
#1 /var/www/html/vote4/system/Autoloader/Autoloader.php(241): CodeIgniter\Autoloader\Autoloader->includeFile()
#2 /var/www/html/vote4/system/Autoloader/Autoloader.php(219): CodeIgniter\Autoloader\Autoloader->loadInNamespace()
#3 [internal function]: CodeIgniter\Autoloader\Autoloader->loadClass()
#4 /var/www/html/vote4/app/Controllers/Report.php(123): spl_autoload_call()
#5 /var/www/html/vote4/app/Controllers/Report.php(68): App\Controllers\Report->pusher_trigger2()
#6 /var/www/html/vote4/system/CodeIgniter.php(832): App\Controllers\Report->vote()
#7 /var/www/html/vote4/system/CodeIgniter.php(419): CodeIgniter\CodeIgniter->runController()
#8 /var/www/html/vote4/system/CodeIgniter.php(326): CodeIgniter\CodeIgniter->handleRequest()
#9 /var/www/html/vote4/public/index.php(37): CodeIgniter\CodeIgniter->run()
#10 {main}
CRITICAL - 2022-03-27 05:36:38 --> Interface 'Pusher\PusherInterface' not found
#0 /var/www/html/vote4/system/Autoloader/Autoloader.php(264): include_once()
#1 /var/www/html/vote4/system/Autoloader/Autoloader.php(241): CodeIgniter\Autoloader\Autoloader->includeFile()
#2 /var/www/html/vote4/system/Autoloader/Autoloader.php(219): CodeIgniter\Autoloader\Autoloader->loadInNamespace()
#3 [internal function]: CodeIgniter\Autoloader\Autoloader->loadClass()
#4 /var/www/html/vote4/app/Controllers/Report.php(123): spl_autoload_call()
#5 /var/www/html/vote4/app/Controllers/Report.php(68): App\Controllers\Report->pusher_trigger2()
#6 /var/www/html/vote4/system/CodeIgniter.php(832): App\Controllers\Report->vote()
#7 /var/www/html/vote4/system/CodeIgniter.php(419): CodeIgniter\CodeIgniter->runController()
#8 /var/www/html/vote4/system/CodeIgniter.php(326): CodeIgniter\CodeIgniter->handleRequest()
#9 /var/www/html/vote4/public/index.php(37): CodeIgniter\CodeIgniter->run()
#10 {main}
CRITICAL - 2022-03-27 05:37:07 --> Interface 'App\Controller\PusherInterface' not found
#0 /var/www/html/vote4/system/Autoloader/Autoloader.php(264): include_once()
#1 /var/www/html/vote4/system/Autoloader/Autoloader.php(241): CodeIgniter\Autoloader\Autoloader->includeFile()
#2 /var/www/html/vote4/system/Autoloader/Autoloader.php(219): CodeIgniter\Autoloader\Autoloader->loadInNamespace()
#3 [internal function]: CodeIgniter\Autoloader\Autoloader->loadClass()
#4 /var/www/html/vote4/app/Controllers/Report.php(112): spl_autoload_call()
#5 /var/www/html/vote4/app/Controllers/Report.php(66): App\Controllers\Report->pusher_trigger1()
#6 /var/www/html/vote4/system/CodeIgniter.php(832): App\Controllers\Report->vote()
#7 /var/www/html/vote4/system/CodeIgniter.php(419): CodeIgniter\CodeIgniter->runController()
#8 /var/www/html/vote4/system/CodeIgniter.php(326): CodeIgniter\CodeIgniter->handleRequest()
#9 /var/www/html/vote4/public/index.php(37): CodeIgniter\CodeIgniter->run()
#10 {main}
CRITICAL - 2022-03-27 05:37:12 --> Interface 'App\Controller\PusherInterface' not found
#0 /var/www/html/vote4/system/Autoloader/Autoloader.php(264): include_once()
#1 /var/www/html/vote4/system/Autoloader/Autoloader.php(241): CodeIgniter\Autoloader\Autoloader->includeFile()
#2 /var/www/html/vote4/system/Autoloader/Autoloader.php(219): CodeIgniter\Autoloader\Autoloader->loadInNamespace()
#3 [internal function]: CodeIgniter\Autoloader\Autoloader->loadClass()
#4 /var/www/html/vote4/app/Controllers/Report.php(123): spl_autoload_call()
#5 /var/www/html/vote4/app/Controllers/Report.php(68): App\Controllers\Report->pusher_trigger2()
#6 /var/www/html/vote4/system/CodeIgniter.php(832): App\Controllers\Report->vote()
#7 /var/www/html/vote4/system/CodeIgniter.php(419): CodeIgniter\CodeIgniter->runController()
#8 /var/www/html/vote4/system/CodeIgniter.php(326): CodeIgniter\CodeIgniter->handleRequest()
#9 /var/www/html/vote4/public/index.php(37): CodeIgniter\CodeIgniter->run()
#10 {main}
CRITICAL - 2022-03-27 05:37:19 --> Interface 'App\Controller\PusherInterface' not found
#0 /var/www/html/vote4/system/Autoloader/Autoloader.php(264): include_once()
#1 /var/www/html/vote4/system/Autoloader/Autoloader.php(241): CodeIgniter\Autoloader\Autoloader->includeFile()
#2 /var/www/html/vote4/system/Autoloader/Autoloader.php(219): CodeIgniter\Autoloader\Autoloader->loadInNamespace()
#3 [internal function]: CodeIgniter\Autoloader\Autoloader->loadClass()
#4 /var/www/html/vote4/app/Controllers/Report.php(123): spl_autoload_call()
#5 /var/www/html/vote4/app/Controllers/Report.php(68): App\Controllers\Report->pusher_trigger2()
#6 /var/www/html/vote4/system/CodeIgniter.php(832): App\Controllers\Report->vote()
#7 /var/www/html/vote4/system/CodeIgniter.php(419): CodeIgniter\CodeIgniter->runController()
#8 /var/www/html/vote4/system/CodeIgniter.php(326): CodeIgniter\CodeIgniter->handleRequest()
#9 /var/www/html/vote4/public/index.php(37): CodeIgniter\CodeIgniter->run()
#10 {main}
CRITICAL - 2022-03-27 05:37:44 --> CodeIgniter\Autoloader\Autoloader::main(): Failed opening required 'PusherInterface' (include_path='.:/usr/share/pear:/usr/share/php')
#0 [internal function]: CodeIgniter\Debug\Exceptions->shutdownHandler()
#1 {main}
CRITICAL - 2022-03-27 05:37:57 --> CodeIgniter\Autoloader\Autoloader::main(): Failed opening required 'PusherInterface' (include_path='.:/usr/share/pear:/usr/share/php')
#0 [internal function]: CodeIgniter\Debug\Exceptions->shutdownHandler()
#1 {main}
CRITICAL - 2022-03-27 05:38:00 --> CodeIgniter\Autoloader\Autoloader::main(): Failed opening required 'PusherInterface' (include_path='.:/usr/share/pear:/usr/share/php')
#0 [internal function]: CodeIgniter\Debug\Exceptions->shutdownHandler()
#1 {main}
CRITICAL - 2022-03-27 05:49:09 --> Class 'App\Controllers\Pusher' not found
#0 /var/www/html/vote4/app/Controllers/Report.php(68): App\Controllers\Report->pusher_trigger2()
#1 /var/www/html/vote4/system/CodeIgniter.php(832): App\Controllers\Report->vote()
#2 /var/www/html/vote4/system/CodeIgniter.php(419): CodeIgniter\CodeIgniter->runController()
#3 /var/www/html/vote4/system/CodeIgniter.php(326): CodeIgniter\CodeIgniter->handleRequest()
#4 /var/www/html/vote4/public/index.php(37): CodeIgniter\CodeIgniter->run()
#5 {main}
CRITICAL - 2022-03-27 05:49:18 --> Class 'App\Controllers\Pusher' not found
#0 /var/www/html/vote4/app/Controllers/Report.php(66): App\Controllers\Report->pusher_trigger1()
#1 /var/www/html/vote4/system/CodeIgniter.php(832): App\Controllers\Report->vote()
#2 /var/www/html/vote4/system/CodeIgniter.php(419): CodeIgniter\CodeIgniter->runController()
#3 /var/www/html/vote4/system/CodeIgniter.php(326): CodeIgniter\CodeIgniter->handleRequest()
#4 /var/www/html/vote4/public/index.php(37): CodeIgniter\CodeIgniter->run()
#5 {main}
CRITICAL - 2022-03-27 05:51:24 --> Interface 'Pusher\PusherInterface' not found
#0 /var/www/html/vote4/system/Autoloader/Autoloader.php(264): include_once()
#1 /var/www/html/vote4/system/Autoloader/Autoloader.php(241): CodeIgniter\Autoloader\Autoloader->includeFile()
#2 /var/www/html/vote4/system/Autoloader/Autoloader.php(219): CodeIgniter\Autoloader\Autoloader->loadInNamespace()
#3 [internal function]: CodeIgniter\Autoloader\Autoloader->loadClass()
#4 /var/www/html/vote4/app/Controllers/Report.php(112): spl_autoload_call()
#5 /var/www/html/vote4/app/Controllers/Report.php(66): App\Controllers\Report->pusher_trigger1()
#6 /var/www/html/vote4/system/CodeIgniter.php(832): App\Controllers\Report->vote()
#7 /var/www/html/vote4/system/CodeIgniter.php(419): CodeIgniter\CodeIgniter->runController()
#8 /var/www/html/vote4/system/CodeIgniter.php(326): CodeIgniter\CodeIgniter->handleRequest()
#9 /var/www/html/vote4/public/index.php(37): CodeIgniter\CodeIgniter->run()
#10 {main}
CRITICAL - 2022-03-27 05:51:56 --> Interface 'App\Libraries\PusherInterface' not found
#0 /var/www/html/vote4/system/Autoloader/Autoloader.php(264): include_once()
#1 /var/www/html/vote4/system/Autoloader/Autoloader.php(241): CodeIgniter\Autoloader\Autoloader->includeFile()
#2 /var/www/html/vote4/system/Autoloader/Autoloader.php(219): CodeIgniter\Autoloader\Autoloader->loadInNamespace()
#3 [internal function]: CodeIgniter\Autoloader\Autoloader->loadClass()
#4 /var/www/html/vote4/app/Controllers/Report.php(112): spl_autoload_call()
#5 /var/www/html/vote4/app/Controllers/Report.php(66): App\Controllers\Report->pusher_trigger1()
#6 /var/www/html/vote4/system/CodeIgniter.php(832): App\Controllers\Report->vote()
#7 /var/www/html/vote4/system/CodeIgniter.php(419): CodeIgniter\CodeIgniter->runController()
#8 /var/www/html/vote4/system/CodeIgniter.php(326): CodeIgniter\CodeIgniter->handleRequest()
#9 /var/www/html/vote4/public/index.php(37): CodeIgniter\CodeIgniter->run()
#10 {main}
CRITICAL - 2022-03-27 05:52:11 --> Interface 'App\Libraries\PusherInterface' not found
#0 /var/www/html/vote4/system/Autoloader/Autoloader.php(264): include_once()
#1 /var/www/html/vote4/system/Autoloader/Autoloader.php(241): CodeIgniter\Autoloader\Autoloader->includeFile()
#2 /var/www/html/vote4/system/Autoloader/Autoloader.php(219): CodeIgniter\Autoloader\Autoloader->loadInNamespace()
#3 [internal function]: CodeIgniter\Autoloader\Autoloader->loadClass()
#4 /var/www/html/vote4/app/Controllers/Report.php(112): spl_autoload_call()
#5 /var/www/html/vote4/app/Controllers/Report.php(66): App\Controllers\Report->pusher_trigger1()
#6 /var/www/html/vote4/system/CodeIgniter.php(832): App\Controllers\Report->vote()
#7 /var/www/html/vote4/system/CodeIgniter.php(419): CodeIgniter\CodeIgniter->runController()
#8 /var/www/html/vote4/system/CodeIgniter.php(326): CodeIgniter\CodeIgniter->handleRequest()
#9 /var/www/html/vote4/public/index.php(37): CodeIgniter\CodeIgniter->run()
#10 {main}
CRITICAL - 2022-03-27 05:53:23 --> Class 'GuzzleHttp\Client' not found
#0 /var/www/html/vote4/app/Controllers/Report.php(123): App\Libraries\Pusher->__construct()
#1 /var/www/html/vote4/app/Controllers/Report.php(68): App\Controllers\Report->pusher_trigger2()
#2 /var/www/html/vote4/system/CodeIgniter.php(832): App\Controllers\Report->vote()
#3 /var/www/html/vote4/system/CodeIgniter.php(419): CodeIgniter\CodeIgniter->runController()
#4 /var/www/html/vote4/system/CodeIgniter.php(326): CodeIgniter\CodeIgniter->handleRequest()
#5 /var/www/html/vote4/public/index.php(37): CodeIgniter\CodeIgniter->run()
#6 {main}
